mode: atomic
github.com/dnilosek/fib-overkill/worker/lib/web/cli.go:22.40,52.42 7 1
github.com/dnilosek/fib-overkill/worker/lib/web/cli.go:62.2,62.12 1 1
github.com/dnilosek/fib-overkill/worker/lib/web/cli.go:52.42,61.3 5 0
github.com/dnilosek/fib-overkill/worker/lib/web/cli.go:66.40,71.2 4 0
github.com/dnilosek/fib-overkill/worker/lib/web/config.go:18.55,24.2 1 2
github.com/dnilosek/fib-overkill/worker/lib/web/config.go:27.30,29.2 1 1
github.com/dnilosek/fib-overkill/lib/database/postgres.go:13.67,15.16 2 0
github.com/dnilosek/fib-overkill/lib/database/postgres.go:18.2,18.33 1 0
github.com/dnilosek/fib-overkill/lib/database/postgres.go:22.2,25.18 2 0
github.com/dnilosek/fib-overkill/lib/database/postgres.go:15.16,17.3 1 0
github.com/dnilosek/fib-overkill/lib/database/postgres.go:18.33,21.3 2 0
github.com/dnilosek/fib-overkill/lib/database/redis.go:10.34,12.2 1 0
github.com/dnilosek/fib-overkill/lib/database/redis.go:15.49,17.2 1 0
github.com/dnilosek/fib-overkill/lib/database/redis.go:20.57,22.2 1 0
github.com/dnilosek/fib-overkill/lib/database/redis.go:25.60,27.2 1 0
github.com/dnilosek/fib-overkill/lib/database/redis.go:30.67,32.2 1 0
github.com/dnilosek/fib-overkill/lib/database/redis.go:35.52,37.2 1 0
github.com/dnilosek/fib-overkill/lib/database/redis.go:40.61,43.16 3 0
github.com/dnilosek/fib-overkill/lib/database/redis.go:47.2,49.17 3 0
github.com/dnilosek/fib-overkill/lib/database/redis.go:43.16,45.3 1 0
github.com/dnilosek/fib-overkill/lib/test/fixtures.go:8.32,15.2 3 0
github.com/dnilosek/fib-overkill/api/lib/web/cli.go:25.40,61.42 7 2
github.com/dnilosek/fib-overkill/api/lib/web/cli.go:71.2,71.12 1 2
github.com/dnilosek/fib-overkill/api/lib/web/cli.go:61.42,70.3 5 2
github.com/dnilosek/fib-overkill/api/lib/web/cli.go:74.40,81.2 5 2
github.com/dnilosek/fib-overkill/api/lib/web/config.go:20.73,27.2 1 4
github.com/dnilosek/fib-overkill/api/lib/web/config.go:30.30,36.2 1 1
github.com/dnilosek/fib-overkill/api/lib/web/server.go:21.97,46.2 10 0
github.com/dnilosek/fib-overkill/api/lib/web/server.go:49.37,52.2 2 0
github.com/dnilosek/fib-overkill/api/lib/web/server.go:55.55,57.2 1 0
github.com/dnilosek/fib-overkill/api/lib/web/server.go:60.57,62.2 1 0
github.com/dnilosek/fib-overkill/api/lib/web/server.go:65.64,67.16 2 0
github.com/dnilosek/fib-overkill/api/lib/web/server.go:70.2,71.18 2 0
github.com/dnilosek/fib-overkill/api/lib/web/server.go:79.2,79.42 1 0
github.com/dnilosek/fib-overkill/api/lib/web/server.go:67.16,69.3 1 0
github.com/dnilosek/fib-overkill/api/lib/web/server.go:71.18,74.17 3 0
github.com/dnilosek/fib-overkill/api/lib/web/server.go:77.3,77.27 1 0
github.com/dnilosek/fib-overkill/api/lib/web/server.go:74.17,76.4 1 0
github.com/dnilosek/fib-overkill/api/lib/web/server.go:83.68,85.16 2 0
github.com/dnilosek/fib-overkill/api/lib/web/server.go:88.2,88.42 1 0
github.com/dnilosek/fib-overkill/api/lib/web/server.go:85.16,87.3 1 0
github.com/dnilosek/fib-overkill/api/lib/web/server.go:91.61,93.56 2 0
github.com/dnilosek/fib-overkill/api/lib/web/server.go:96.2,97.16 2 0
github.com/dnilosek/fib-overkill/api/lib/web/server.go:100.2,102.16 3 0
github.com/dnilosek/fib-overkill/api/lib/web/server.go:106.2,106.12 1 0
github.com/dnilosek/fib-overkill/api/lib/web/server.go:93.56,95.3 1 0
github.com/dnilosek/fib-overkill/api/lib/web/server.go:97.16,99.3 1 0
github.com/dnilosek/fib-overkill/api/lib/web/server.go:102.16,104.3 1 0
github.com/dnilosek/fib-overkill/worker/lib/work/fib.go:4.42,5.14 1 59
github.com/dnilosek/fib-overkill/worker/lib/work/fib.go:5.14,7.3 1 13
github.com/dnilosek/fib-overkill/worker/lib/work/fib.go:7.8,7.21 1 46
github.com/dnilosek/fib-overkill/worker/lib/work/fib.go:7.21,9.3 1 20
github.com/dnilosek/fib-overkill/worker/lib/work/fib.go:9.8,11.3 1 26
github.com/dnilosek/fib-overkill/worker/lib/work/listener.go:14.50,19.2 1 1
github.com/dnilosek/fib-overkill/worker/lib/work/listener.go:22.62,28.12 3 1
github.com/dnilosek/fib-overkill/worker/lib/work/listener.go:44.2,44.16 1 1
github.com/dnilosek/fib-overkill/worker/lib/work/listener.go:28.12,29.7 1 1
github.com/dnilosek/fib-overkill/worker/lib/work/listener.go:29.7,31.18 2 3
github.com/dnilosek/fib-overkill/worker/lib/work/listener.go:36.4,36.24 1 2
github.com/dnilosek/fib-overkill/worker/lib/work/listener.go:31.18,35.5 3 1
github.com/dnilosek/fib-overkill/worker/lib/work/listener.go:37.29,38.68 1 1
github.com/dnilosek/fib-overkill/worker/lib/work/listener.go:39.24,40.46 1 1
