mode: atomic
github.com/dnilosek/fib-overkill/worker/lib/web/config.go:20.63,27.2 1 2
github.com/dnilosek/fib-overkill/worker/lib/web/config.go:30.30,32.2 1 1
github.com/dnilosek/fib-overkill/worker/lib/web/cli.go:23.40,59.42 7 1
github.com/dnilosek/fib-overkill/worker/lib/web/cli.go:70.2,70.12 1 1
github.com/dnilosek/fib-overkill/worker/lib/web/cli.go:59.42,69.3 6 0
github.com/dnilosek/fib-overkill/worker/lib/web/cli.go:74.40,80.2 5 0
github.com/dnilosek/fib-overkill/lib/test/fixtures.go:8.32,15.2 3 0
github.com/dnilosek/fib-overkill/api/lib/web/cli.go:29.40,95.42 7 2
github.com/dnilosek/fib-overkill/api/lib/web/cli.go:105.2,105.12 1 2
github.com/dnilosek/fib-overkill/api/lib/web/cli.go:95.42,104.3 5 2
github.com/dnilosek/fib-overkill/api/lib/web/cli.go:108.40,120.2 10 2
github.com/dnilosek/fib-overkill/api/lib/web/config.go:30.167,42.2 1 4
github.com/dnilosek/fib-overkill/api/lib/web/config.go:45.30,56.2 1 1
github.com/dnilosek/fib-overkill/api/lib/web/server.go:23.97,48.2 10 0
github.com/dnilosek/fib-overkill/api/lib/web/server.go:51.37,54.2 2 0
github.com/dnilosek/fib-overkill/api/lib/web/server.go:57.55,59.2 1 0
github.com/dnilosek/fib-overkill/api/lib/web/server.go:62.57,64.2 1 0
github.com/dnilosek/fib-overkill/api/lib/web/server.go:67.64,69.16 2 0
github.com/dnilosek/fib-overkill/api/lib/web/server.go:72.2,73.18 2 0
github.com/dnilosek/fib-overkill/api/lib/web/server.go:81.2,81.42 1 0
github.com/dnilosek/fib-overkill/api/lib/web/server.go:69.16,71.3 1 0
github.com/dnilosek/fib-overkill/api/lib/web/server.go:73.18,76.17 3 0
github.com/dnilosek/fib-overkill/api/lib/web/server.go:79.3,79.27 1 0
github.com/dnilosek/fib-overkill/api/lib/web/server.go:76.17,78.4 1 0
github.com/dnilosek/fib-overkill/api/lib/web/server.go:85.68,87.16 2 0
github.com/dnilosek/fib-overkill/api/lib/web/server.go:90.2,90.42 1 0
github.com/dnilosek/fib-overkill/api/lib/web/server.go:87.16,89.3 1 0
github.com/dnilosek/fib-overkill/api/lib/web/server.go:93.61,96.16 3 0
github.com/dnilosek/fib-overkill/api/lib/web/server.go:100.2,101.9 2 0
github.com/dnilosek/fib-overkill/api/lib/web/server.go:104.2,104.56 1 0
github.com/dnilosek/fib-overkill/api/lib/web/server.go:107.2,108.16 2 0
github.com/dnilosek/fib-overkill/api/lib/web/server.go:111.2,112.16 2 0
github.com/dnilosek/fib-overkill/api/lib/web/server.go:115.2,117.12 2 0
github.com/dnilosek/fib-overkill/api/lib/web/server.go:96.16,98.3 1 0
github.com/dnilosek/fib-overkill/api/lib/web/server.go:101.9,103.3 1 0
github.com/dnilosek/fib-overkill/api/lib/web/server.go:104.56,106.3 1 0
github.com/dnilosek/fib-overkill/api/lib/web/server.go:108.16,110.3 1 0
github.com/dnilosek/fib-overkill/api/lib/web/server.go:112.16,114.3 1 0
github.com/dnilosek/fib-overkill/worker/lib/work/fib.go:4.42,5.14 1 59
github.com/dnilosek/fib-overkill/worker/lib/work/fib.go:5.14,7.3 1 13
github.com/dnilosek/fib-overkill/worker/lib/work/fib.go:7.8,7.21 1 46
github.com/dnilosek/fib-overkill/worker/lib/work/fib.go:7.21,9.3 1 20
github.com/dnilosek/fib-overkill/worker/lib/work/fib.go:9.8,11.3 1 26
github.com/dnilosek/fib-overkill/worker/lib/work/listener.go:14.50,19.2 1 1
github.com/dnilosek/fib-overkill/worker/lib/work/listener.go:22.62,28.12 3 1
github.com/dnilosek/fib-overkill/worker/lib/work/listener.go:44.2,44.16 1 1
github.com/dnilosek/fib-overkill/worker/lib/work/listener.go:28.12,29.7 1 1
github.com/dnilosek/fib-overkill/worker/lib/work/listener.go:29.7,31.18 2 3
github.com/dnilosek/fib-overkill/worker/lib/work/listener.go:36.4,36.24 1 2
github.com/dnilosek/fib-overkill/worker/lib/work/listener.go:31.18,35.5 3 1
github.com/dnilosek/fib-overkill/worker/lib/work/listener.go:37.29,38.68 1 1
github.com/dnilosek/fib-overkill/worker/lib/work/listener.go:39.24,40.46 1 1
